<?xml version="1.0" encoding="UTF-8"?>
<!-- Generated by org.testng.reporters.JUnitXMLReporter -->
<testsuite ignored="0" hostname="ATMECSINLT-1441" failures="0" tests="7" name="SauceDemo" time="7.566" errors="0" timestamp="2022-11-22T12:56:02 IST">
  <testcase classname="com.reskill.testscripts.SauceDemoLoginTest" name="CheckUserNamesandPasswordTextPresent" time="0.078"/>
  <testcase classname="com.reskill.testscripts.SauceDemoLoginTest" name="validLoginTest" time="0.357"/>
  <testcase classname="com.reskill.testscripts.SauceDemoLoginTest" name="productVerification" time="0.395"/>
  <testcase classname="com.reskill.testscripts.SauceDemoLoginTest" name="verifyProductInCart" time="0.253"/>
  <testcase classname="com.reskill.testscripts.SauceDemoLoginTest" name="checkOut" time="0.398"/>
  <testcase classname="com.reskill.testscripts.SauceDemoLoginTest" name="checkoutOverview" time="0.397"/>
  <testcase classname="com.reskill.testscripts.SauceDemoLoginTest" name="checkoutComplete" time="0.172"/>
</testsuite> <!-- SauceDemo -->
