<?xml version="1.0" encoding="UTF-8"?>
<!-- Generated by org.testng.reporters.JUnitXMLReporter -->
<testsuite ignored="0" hostname="ATMECSINLT-1441" failures="0" tests="3" name="Default test" time="6.12" errors="0" timestamp="2022-11-28T13:04:22 IST">
  <testcase classname="com.reskill.testscripts.SauceDemoLoginTest" name="CheckUserCredentials" time="0.079"/>
  <testcase classname="com.reskill.testscripts.SauceDemoLoginTest" name="validLoginTest" time="0.345"/>
  <testcase classname="com.reskill.testscripts.SauceDemoLoginTest" name="getIntoProductMessage" time="0.024"/>
</testsuite> <!-- Default test -->
