<?xml version="1.0" encoding="UTF-8"?>
<testng-results ignored="0" total="1" passed="1" failed="0" skipped="0">
  <reporter-output>
  </reporter-output>
  <suite started-at="2022-12-05T20:08:45 IST" name="Default suite" finished-at="2022-12-05T20:08:53 IST" duration-ms="8339">
    <groups>
    </groups>
    <test started-at="2022-12-05T20:08:45 IST" name="Default test" finished-at="2022-12-05T20:08:53 IST" duration-ms="8339">
      <class name="com.reskill.testscripts.SauceDemoAllProductsVerification">
        <test-method is-config="true" signature="selectBrowser()[pri:0, instance:com.reskill.testscripts.SauceDemoAllProductsVerification@1bc425e7]" started-at="2022-12-05T20:08:45 IST" name="selectBrowser" finished-at="2022-12-05T20:08:50 IST" duration-ms="5026" status="PASS">
          <reporter-output>
          </reporter-output>
        </test-method> <!-- selectBrowser -->
        <test-method signature="sauceDemo()[pri:0, instance:com.reskill.testscripts.SauceDemoAllProductsVerification@1bc425e7]" started-at="2022-12-05T20:08:50 IST" name="sauceDemo" finished-at="2022-12-05T20:08:53 IST" duration-ms="3092" status="PASS">
          <reporter-output>
          </reporter-output>
        </test-method> <!-- sauceDemo -->
        <test-method is-config="true" signature="closeDriver()[pri:0, instance:com.reskill.testscripts.SauceDemoAllProductsVerification@1bc425e7]" started-at="2022-12-05T20:08:53 IST" name="closeDriver" finished-at="2022-12-05T20:08:53 IST" duration-ms="191" status="PASS">
          <reporter-output>
          </reporter-output>
        </test-method> <!-- closeDriver -->
      </class> <!-- com.reskill.testscripts.SauceDemoAllProductsVerification -->
    </test> <!-- Default test -->
  </suite> <!-- Default suite -->
</testng-results>
