<?xml version="1.0" encoding="UTF-8"?>
<testng-results ignored="0" total="1" passed="1" failed="0" skipped="0">
  <reporter-output>
  </reporter-output>
  <suite started-at="2022-11-30T00:59:41 IST" name="Default suite" finished-at="2022-11-30T00:59:55 IST" duration-ms="13193">
    <groups>
    </groups>
    <test started-at="2022-11-30T00:59:41 IST" name="Default test" finished-at="2022-11-30T00:59:55 IST" duration-ms="13193">
      <class name="com.reskill.testscripts.SauceDemoProductVerification">
        <test-method is-config="true" signature="selectBrowser()[pri:0, instance:com.reskill.testscripts.SauceDemoProductVerification@3dddefd8]" started-at="2022-11-30T00:59:41 IST" name="selectBrowser" finished-at="2022-11-30T00:59:47 IST" duration-ms="5439" status="PASS">
          <reporter-output>
          </reporter-output>
        </test-method> <!-- selectBrowser -->
        <test-method signature="sauceDemo()[pri:0, instance:com.reskill.testscripts.SauceDemoProductVerification@3dddefd8]" started-at="2022-11-30T00:59:47 IST" name="sauceDemo" finished-at="2022-11-30T00:59:55 IST" duration-ms="7717" status="PASS">
          <reporter-output>
          </reporter-output>
        </test-method> <!-- sauceDemo -->
      </class> <!-- com.reskill.testscripts.SauceDemoProductVerification -->
    </test> <!-- Default test -->
  </suite> <!-- Default suite -->
</testng-results>
